<?xml version="1.0" encoding="UTF-8"?>
<testsuite name="domain.ItemFactoryTest" tests="1" skipped="0" failures="0" errors="0" timestamp="2017-07-13T21:38:18" hostname="Sams-Mac.local" time="0.007">
  <properties/>
  <testcase name="ItemFactory_ShouldReturnNullIfNotPassedValidItemName" classname="domain.ItemFactoryTest" time="0.007"/>
  <system-out><![CDATA[]]></system-out>
  <system-err><![CDATA[]]></system-err>
</testsuite>
